<?xml version="1.0" encoding="UTF-8"?>
<robot generator="Robot 4.0.3 (Python 3.9.6 on win32)" generated="20230427 12:28:55.912" rpa="false" schemaversion="2">
<suite id="s1" name="Suites">
<suite id="s1-s1" name="Evernote" source="H:\Alphabin\Testcases\Evernote.robot">
<kw name="Create Instance" type="SETUP">
<kw name="Get Library Instance" library="BuiltIn">
<var>${Client}</var>
<arg>client1</arg>
<doc>Returns the currently active instance of the specified test library.</doc>
<msg timestamp="20230427 12:29:54.502" level="INFO">${Client} = &lt;Evernote.Evernote object at 0x00000212B4BDC640&gt;</msg>
<status status="PASS" starttime="20230427 12:29:40.084" endtime="20230427 12:29:54.502"/>
</kw>
<kw name="Set Suite Variable" library="BuiltIn">
<arg>${Client}</arg>
<doc>Makes a variable available everywhere within the scope of the current suite.</doc>
<msg timestamp="20230427 12:29:54.504" level="INFO">${Client} = &lt;Evernote.Evernote object at 0x00000212B4BDC640&gt;</msg>
<status status="PASS" starttime="20230427 12:29:54.503" endtime="20230427 12:29:54.504"/>
</kw>
<status status="PASS" starttime="20230427 12:29:40.084" endtime="20230427 12:29:54.505"/>
</kw>
<test id="s1-s1-t1" name="I do signin with registred account and verify">
<kw name="I do signin with registred account" library="Evernote">
<arg>${Client}</arg>
<arg>${signin}</arg>
<arg>${password}</arg>
<kw name="Call Method" library="BuiltIn">
<arg>${Client.login}</arg>
<arg>click_login_link</arg>
<doc>Calls the named method of the given object with the provided arguments.</doc>
<status status="PASS" starttime="20230427 12:29:54.509" endtime="20230427 12:30:03.166"/>
</kw>
<kw name="Call Method" library="BuiltIn">
<arg>${Client.login}</arg>
<arg>enter_email</arg>
<arg>${email}</arg>
<doc>Calls the named method of the given object with the provided arguments.</doc>
<msg timestamp="20230427 12:30:04.010" level="INFO">opengfhwe1gggopen@gmail.com entered</msg>
<status status="PASS" starttime="20230427 12:30:03.167" endtime="20230427 12:30:04.010"/>
</kw>
<kw name="Call Method" library="BuiltIn">
<arg>${Client.login}</arg>
<arg>click_continue</arg>
<doc>Calls the named method of the given object with the provided arguments.</doc>
<msg timestamp="20230427 12:30:04.204" level="INFO">clicked_continue</msg>
<status status="PASS" starttime="20230427 12:30:04.011" endtime="20230427 12:30:04.204"/>
</kw>
<kw name="Call Method" library="BuiltIn">
<arg>${Client.login}</arg>
<arg>enter_password</arg>
<arg>${password}</arg>
<doc>Calls the named method of the given object with the provided arguments.</doc>
<msg timestamp="20230427 12:30:04.876" level="INFO">Evernote@1 entered</msg>
<status status="PASS" starttime="20230427 12:30:04.205" endtime="20230427 12:30:04.876"/>
</kw>
<kw name="Call Method" library="BuiltIn">
<arg>${Client.login}</arg>
<arg>click_signin</arg>
<doc>Calls the named method of the given object with the provided arguments.</doc>
<msg timestamp="20230427 12:30:11.533" level="INFO">clicked_signin</msg>
<status status="PASS" starttime="20230427 12:30:04.876" endtime="20230427 12:30:11.533"/>
</kw>
<status status="PASS" starttime="20230427 12:29:54.506" endtime="20230427 12:30:11.533"/>
</kw>
<kw name="I do verify_logged_user" library="Evernote">
<arg>${Client}</arg>
<arg>${signin}</arg>
<kw name="Call Method" library="BuiltIn">
<arg>${Client.home}</arg>
<arg>verify_logged_user</arg>
<arg>${email}</arg>
<doc>Calls the named method of the given object with the provided arguments.</doc>
<msg timestamp="20230427 12:30:28.493" level="INFO">opengfhwe1gggopen@gmail.com verified</msg>
<status status="PASS" starttime="20230427 12:30:11.534" endtime="20230427 12:30:29.744"/>
</kw>
<status status="PASS" starttime="20230427 12:30:11.534" endtime="20230427 12:30:29.745"/>
</kw>
<status status="PASS" starttime="20230427 12:29:54.505" endtime="20230427 12:30:29.746"/>
</test>
<test id="s1-s1-t2" name="I do create Task and verify">
<kw name="I do create Task" library="Evernote">
<arg>${Client}</arg>
<arg>${task}</arg>
<arg>${dummy_text}</arg>
<kw name="Call Method" library="BuiltIn">
<arg>${Client.task}</arg>
<arg>click_task</arg>
<doc>Calls the named method of the given object with the provided arguments.</doc>
<msg timestamp="20230427 12:30:30.255" level="INFO">task clicked</msg>
<status status="PASS" starttime="20230427 12:30:29.750" endtime="20230427 12:30:30.255"/>
</kw>
<kw name="Call Method" library="BuiltIn">
<arg>${Client.task}</arg>
<arg>create_task</arg>
<arg>${task}</arg>
<doc>Calls the named method of the given object with the provided arguments.</doc>
<msg timestamp="20230427 12:30:33.121" level="INFO">new_task clicked</msg>
<msg timestamp="20230427 12:30:40.161" level="INFO">create_task clicked</msg>
<status status="PASS" starttime="20230427 12:30:30.256" endtime="20230427 12:30:40.161"/>
</kw>
<kw name="Call Method" library="BuiltIn">
<arg>${Client.task}</arg>
<arg>click_notes_tab</arg>
<doc>Calls the named method of the given object with the provided arguments.</doc>
<msg timestamp="20230427 12:30:45.512" level="INFO">notes_tab clicked</msg>
<msg timestamp="20230427 12:30:53.026" level="INFO">editor clicked</msg>
<status status="PASS" starttime="20230427 12:30:40.162" endtime="20230427 12:30:53.196"/>
</kw>
<kw name="Call Method" library="BuiltIn">
<arg>${Client.task}</arg>
<arg>open_insert</arg>
<doc>Calls the named method of the given object with the provided arguments.</doc>
<msg timestamp="20230427 12:30:53.771" level="INFO">insert clicked</msg>
<status status="PASS" starttime="20230427 12:30:53.197" endtime="20230427 12:30:53.772"/>
</kw>
<kw name="Call Method" library="BuiltIn">
<arg>${Client.task}</arg>
<arg>add_table</arg>
<arg>${dummy_text}</arg>
<doc>Calls the named method of the given object with the provided arguments.</doc>
<msg timestamp="20230427 12:30:54.412" level="INFO">table clicked</msg>
<msg timestamp="20230427 12:30:54.498" level="INFO"> frame qa-COMMON_EDITOR_IFRAME switched</msg>
<msg timestamp="20230427 12:30:54.707" level="INFO">table selected</msg>
<msg timestamp="20230427 12:30:54.999" level="INFO">selected</msg>
<msg timestamp="20230427 12:30:55.803" level="INFO">editor clicked</msg>
<msg timestamp="20230427 12:31:05.929" level="INFO">table selected</msg>
<msg timestamp="20230427 12:31:06.286" level="INFO">selected</msg>
<msg timestamp="20230427 12:31:07.071" level="INFO">rows added</msg>
<msg timestamp="20230427 12:31:07.286" level="INFO">4 rows found </msg>
<msg timestamp="20230427 12:31:07.327" level="INFO">8 cells found </msg>
<msg timestamp="20230427 12:31:07.328" level="INFO">4X2 table</msg>
<msg timestamp="20230427 12:31:07.391" level="INFO">//tbody/tr[1]/td[1]</msg>
<msg timestamp="20230427 12:31:08.357" level="INFO">text entered</msg>
<msg timestamp="20230427 12:31:08.420" level="INFO">//tbody/tr[1]/td[2]</msg>
<msg timestamp="20230427 12:31:08.923" level="INFO">text entered</msg>
<msg timestamp="20230427 12:31:08.983" level="INFO">//tbody/tr[2]/td[1]</msg>
<msg timestamp="20230427 12:31:09.852" level="INFO">text entered</msg>
<msg timestamp="20230427 12:31:09.992" level="INFO">//tbody/tr[2]/td[2]</msg>
<msg timestamp="20230427 12:31:11.178" level="INFO">text entered</msg>
<msg timestamp="20230427 12:31:11.295" level="INFO">//tbody/tr[3]/td[1]</msg>
<msg timestamp="20230427 12:31:12.612" level="INFO">text entered</msg>
<msg timestamp="20230427 12:31:12.693" level="INFO">//tbody/tr[3]/td[2]</msg>
<msg timestamp="20230427 12:31:13.508" level="INFO">text entered</msg>
<msg timestamp="20230427 12:31:13.635" level="INFO">//tbody/tr[4]/td[1]</msg>
<msg timestamp="20230427 12:31:14.240" level="INFO">text entered</msg>
<msg timestamp="20230427 12:31:14.305" level="INFO">//tbody/tr[4]/td[2]</msg>
<msg timestamp="20230427 12:31:14.875" level="INFO">text entered</msg>
<status status="PASS" starttime="20230427 12:30:53.772" endtime="20230427 12:31:24.876"/>
</kw>
<status status="PASS" starttime="20230427 12:30:29.748" endtime="20230427 12:31:24.877"/>
</kw>
<status status="PASS" starttime="20230427 12:30:29.747" endtime="20230427 12:31:24.879"/>
</test>
<status status="PASS" starttime="20230427 12:28:55.984" endtime="20230427 12:31:24.883"/>
</suite>
<status status="PASS" starttime="20230427 12:28:55.932" endtime="20230427 12:31:24.889"/>
</suite>
<statistics>
<total>
<stat pass="2" fail="0" skip="0">All Tests</stat>
</total>
<tag>
</tag>
<suite>
<stat pass="2" fail="0" skip="0" id="s1" name="Suites">Suites</stat>
<stat pass="2" fail="0" skip="0" id="s1-s1" name="Evernote">Suites.Evernote</stat>
</suite>
</statistics>
<errors>
<msg timestamp="20230427 12:29:40.084" level="WARN">Imported library 'H:\Alphabin\Evernote\library\Evernote.py' contains no keywords.</msg>
</errors>
</robot>
