<?xml version="1.0" encoding="UTF-8"?>
<robot generator="Robot 4.0.3 (Python 3.9.6 on win32)" generated="20230422 22:42:25.526" rpa="false" schemaversion="2">
<suite id="s1" name="Evernote" source="H:\Alphabin\Testcases\Evernote.robot">
<kw name="Create Instance" type="SETUP">
<kw name="Get Library Instance" library="BuiltIn">
<var>${Client}</var>
<arg>client1</arg>
<doc>Returns the currently active instance of the specified test library.</doc>
<msg timestamp="20230422 22:42:53.209" level="INFO">${Client} = &lt;Evernote.Evernote object at 0x00000265FF0282B0&gt;</msg>
<status status="PASS" starttime="20230422 22:42:42.175" endtime="20230422 22:42:53.209"/>
</kw>
<kw name="Set Suite Variable" library="BuiltIn">
<arg>${Client}</arg>
<doc>Makes a variable available everywhere within the scope of the current suite.</doc>
<msg timestamp="20230422 22:42:53.210" level="INFO">${Client} = &lt;Evernote.Evernote object at 0x00000265FF0282B0&gt;</msg>
<status status="PASS" starttime="20230422 22:42:53.209" endtime="20230422 22:42:53.210"/>
</kw>
<status status="PASS" starttime="20230422 22:42:42.173" endtime="20230422 22:42:53.211"/>
</kw>
<test id="s1-t1" name="I do signin with registred account and verify">
<kw name="I do signin with registred account" library="Evernote">
<arg>${Client}</arg>
<arg>${email}</arg>
<arg>${password}</arg>
<kw name="Call Method" library="BuiltIn">
<arg>${Client.login}</arg>
<arg>click_login_link</arg>
<doc>Calls the named method of the given object with the provided arguments.</doc>
<status status="PASS" starttime="20230422 22:42:53.219" endtime="20230422 22:42:57.123"/>
</kw>
<kw name="Call Method" library="BuiltIn">
<arg>${Client.login}</arg>
<arg>enter_email</arg>
<arg>${email}</arg>
<doc>Calls the named method of the given object with the provided arguments.</doc>
<msg timestamp="20230422 22:42:58.227" level="INFO">opengfhwe1gggopen@gmail.com entered</msg>
<status status="PASS" starttime="20230422 22:42:57.123" endtime="20230422 22:42:58.227"/>
</kw>
<kw name="Call Method" library="BuiltIn">
<arg>${Client.login}</arg>
<arg>click_continue</arg>
<doc>Calls the named method of the given object with the provided arguments.</doc>
<msg timestamp="20230422 22:42:59.009" level="INFO">clicked_continue</msg>
<status status="PASS" starttime="20230422 22:42:58.227" endtime="20230422 22:42:59.010"/>
</kw>
<kw name="Call Method" library="BuiltIn">
<arg>${Client.login}</arg>
<arg>enter_password</arg>
<arg>${password}</arg>
<doc>Calls the named method of the given object with the provided arguments.</doc>
<msg timestamp="20230422 22:42:59.577" level="INFO">Evernote@1 entered</msg>
<status status="PASS" starttime="20230422 22:42:59.010" endtime="20230422 22:42:59.577"/>
</kw>
<kw name="Call Method" library="BuiltIn">
<arg>${Client.login}</arg>
<arg>click_signin</arg>
<doc>Calls the named method of the given object with the provided arguments.</doc>
<msg timestamp="20230422 22:43:07.485" level="INFO">clicked_signin</msg>
<status status="PASS" starttime="20230422 22:42:59.577" endtime="20230422 22:43:07.485"/>
</kw>
<status status="PASS" starttime="20230422 22:42:53.218" endtime="20230422 22:43:07.486"/>
</kw>
<kw name="I do verify_logged_user" library="Evernote">
<arg>${Client}</arg>
<arg>${email}</arg>
<kw name="Call Method" library="BuiltIn">
<arg>${Client.home}</arg>
<arg>verify_logged_user</arg>
<arg>${email}</arg>
<doc>Calls the named method of the given object with the provided arguments.</doc>
<msg timestamp="20230422 22:43:25.814" level="INFO">opengfhwe1gggopen@gmail.com verified</msg>
<status status="PASS" starttime="20230422 22:43:07.488" endtime="20230422 22:43:26.644"/>
</kw>
<status status="PASS" starttime="20230422 22:43:07.487" endtime="20230422 22:43:26.644"/>
</kw>
<status status="PASS" starttime="20230422 22:42:53.211" endtime="20230422 22:43:26.653"/>
</test>
<test id="s1-t2" name="I do create Task and verify">
<kw name="I do create Task" library="Evernote">
<arg>${Client}</arg>
<arg>${task}</arg>
<kw name="Call Method" library="BuiltIn">
<arg>${Client.task}</arg>
<arg>click_task</arg>
<doc>Calls the named method of the given object with the provided arguments.</doc>
<msg timestamp="20230422 22:44:16.949" level="INFO">task clicked</msg>
<status status="PASS" starttime="20230422 22:43:26.660" endtime="20230422 22:44:16.949"/>
</kw>
<kw name="Call Method" library="BuiltIn">
<arg>${Client.task}</arg>
<arg>create_task</arg>
<arg>${task}</arg>
<doc>Calls the named method of the given object with the provided arguments.</doc>
<msg timestamp="20230422 22:44:17.433" level="INFO">new_task clicked</msg>
<msg timestamp="20230422 22:44:19.106" level="INFO">create_task clicked</msg>
<status status="PASS" starttime="20230422 22:44:16.949" endtime="20230422 22:44:19.106"/>
</kw>
<kw name="Call Method" library="BuiltIn">
<arg>${Client.task}</arg>
<arg>click_notes_tab</arg>
<doc>Calls the named method of the given object with the provided arguments.</doc>
<msg timestamp="20230422 22:44:19.876" level="INFO">notes_tab clicked</msg>
<msg timestamp="20230422 22:44:19.876" level="INFO">open</msg>
<msg timestamp="20230422 22:44:19.876" level="INFO">task_in_notes clicked</msg>
<status status="PASS" starttime="20230422 22:44:19.107" endtime="20230422 22:44:19.876"/>
</kw>
<kw name="Call Method" library="BuiltIn">
<arg>${Client.task}</arg>
<arg>open_insert</arg>
<doc>Calls the named method of the given object with the provided arguments.</doc>
<msg timestamp="20230422 22:44:38.981" level="INFO">insert clicked</msg>
<status status="PASS" starttime="20230422 22:44:19.877" endtime="20230422 22:44:38.982"/>
</kw>
<kw name="Call Method" library="BuiltIn">
<arg>${Client.task}</arg>
<arg>add_table</arg>
<doc>Calls the named method of the given object with the provided arguments.</doc>
<msg timestamp="20230422 22:44:39.409" level="INFO">table clicked</msg>
<msg timestamp="20230422 22:45:19.636" level="ERROR">attachment failed</msg>
<msg timestamp="20230422 22:45:19.848" level="INFO">H:\Alphabin/Screenshots</msg>
<msg timestamp="20230422 22:45:19.849" level="FAIL">Calling method 'add_table' failed: Message: 
Stacktrace:
Backtrace:
	GetHandleVerifier [0x00B6DCE3+50899]
	(No symbol) [0x00AFE111]
	(No symbol) [0x00A05588]
	(No symbol) [0x00A308F9]
	(No symbol) [0x00A30AFB]
	(No symbol) [0x00A5F902]
	(No symbol) [0x00A4B944]
	(No symbol) [0x00A5E01C]
	(No symbol) [0x00A4B6F6]
	(No symbol) [0x00A27708]
	(No symbol) [0x00A2886D]
	GetHandleVerifier [0x00DD3EAE+2566302]
	GetHandleVerifier [0x00E092B1+2784417]
	GetHandleVerifier [0x00E0327C+2759788]
	GetHandleVerifier [0x00C05740+672048]
	(No symbol) [0x00B08872]
	(No symbol) [0x00B041C8]
	(No symbol) [0x00B042AB]
	(No symbol) [0x00AF71B7]
	BaseThreadInitThunk [0x76A80099+25]
	RtlGetAppContainerNamedObjectPath [0x77BA7B6E+286]
	RtlGetAppContainerNamedObjectPath [0x77BA7B3E+238]
</msg>
<status status="FAIL" starttime="20230422 22:44:38.982" endtime="20230422 22:45:19.849"/>
</kw>
<status status="FAIL" starttime="20230422 22:43:26.659" endtime="20230422 22:45:19.849"/>
</kw>
<status status="FAIL" starttime="20230422 22:43:26.658" endtime="20230422 22:45:19.850">Calling method 'add_table' failed: Message: 
Stacktrace:
Backtrace:
	GetHandleVerifier [0x00B6DCE3+50899]
	(No symbol) [0x00AFE111]
	(No symbol) [0x00A05588]
	(No symbol) [0x00A308F9]
	(No symbol) [0x00A30AFB]
	(No symbol) [0x00A5F902]
	(No symbol) [0x00A4B944]
	(No symbol) [0x00A5E01C]
	(No symbol) [0x00A4B6F6]
	(No symbol) [0x00A27708]
	(No symbol) [0x00A2886D]
	GetHandleVerifier [0x00DD3EAE+2566302]
	GetHandleVerifier [0x00E092B1+2784417]
	GetHandleVerifier [0x00E0327C+2759788]
	GetHandleVerifier [0x00C05740+672048]
	(No symbol) [0x00B08872]
	(No symbol) [0x00B041C8]
	(No symbol) [0x00B042AB]
	(No symbol) [0x00AF71B7]
	BaseThreadInitThunk [0x76A80099+25]
	RtlGetAppContainerNamedObjectPath [0x77BA7B6E+286]
	RtlGetAppContainerNamedObjectPath [0x77BA7B3E+238]
</status>
</test>
<status status="FAIL" starttime="20230422 22:42:25.530" endtime="20230422 22:45:19.854"/>
</suite>
<statistics>
<total>
<stat pass="1" fail="1" skip="0">All Tests</stat>
</total>
<tag>
</tag>
<suite>
<stat pass="1" fail="1" skip="0" id="s1" name="Evernote">Evernote</stat>
</suite>
</statistics>
<errors>
<msg timestamp="20230422 22:42:42.156" level="WARN">Imported library 'H:\Alphabin\Evernote\library\Evernote.py' contains no keywords.</msg>
<msg timestamp="20230422 22:45:19.636" level="ERROR">attachment failed</msg>
</errors>
</robot>
