<?xml version="1.0" encoding="UTF-8"?>
<robot generator="Robot 4.0.3 (Python 3.9.6 on win32)" generated="20230425 14:43:23.935" rpa="false" schemaversion="2">
<suite id="s1" name="Evernote" source="H:\Alphabin\Testcases\Evernote.robot">
<kw name="Create Instance" type="SETUP">
<kw name="Get Library Instance" library="BuiltIn">
<var>${Client}</var>
<arg>client1</arg>
<doc>Returns the currently active instance of the specified test library.</doc>
<msg timestamp="20230425 14:43:44.243" level="INFO">${Client} = &lt;Evernote.Evernote object at 0x000001F31DFC6DF0&gt;</msg>
<status status="PASS" starttime="20230425 14:43:36.101" endtime="20230425 14:43:44.243"/>
</kw>
<kw name="Set Suite Variable" library="BuiltIn">
<arg>${Client}</arg>
<doc>Makes a variable available everywhere within the scope of the current suite.</doc>
<msg timestamp="20230425 14:43:44.244" level="INFO">${Client} = &lt;Evernote.Evernote object at 0x000001F31DFC6DF0&gt;</msg>
<status status="PASS" starttime="20230425 14:43:44.243" endtime="20230425 14:43:44.244"/>
</kw>
<status status="PASS" starttime="20230425 14:43:36.101" endtime="20230425 14:43:44.245"/>
</kw>
<test id="s1-t1" name="I do signin with registred account and verify">
<kw name="I do signin with registred account" library="Evernote">
<arg>${Client}</arg>
<arg>${signin}</arg>
<arg>${password}</arg>
<kw name="Call Method" library="BuiltIn">
<arg>${Client.login}</arg>
<arg>click_login_link</arg>
<doc>Calls the named method of the given object with the provided arguments.</doc>
<status status="PASS" starttime="20230425 14:43:44.248" endtime="20230425 14:43:46.826"/>
</kw>
<kw name="Call Method" library="BuiltIn">
<arg>${Client.login}</arg>
<arg>enter_email</arg>
<arg>${email}</arg>
<doc>Calls the named method of the given object with the provided arguments.</doc>
<msg timestamp="20230425 14:43:47.049" level="INFO">opengfhwe1gggopen@gmail.com entered</msg>
<status status="PASS" starttime="20230425 14:43:46.826" endtime="20230425 14:43:47.049"/>
</kw>
<kw name="Call Method" library="BuiltIn">
<arg>${Client.login}</arg>
<arg>click_continue</arg>
<doc>Calls the named method of the given object with the provided arguments.</doc>
<msg timestamp="20230425 14:43:47.246" level="INFO">clicked_continue</msg>
<status status="PASS" starttime="20230425 14:43:47.050" endtime="20230425 14:43:47.246"/>
</kw>
<kw name="Call Method" library="BuiltIn">
<arg>${Client.login}</arg>
<arg>enter_password</arg>
<arg>${password}</arg>
<doc>Calls the named method of the given object with the provided arguments.</doc>
<msg timestamp="20230425 14:43:48.411" level="INFO">Evernote@1 entered</msg>
<status status="PASS" starttime="20230425 14:43:47.246" endtime="20230425 14:43:48.411"/>
</kw>
<kw name="Call Method" library="BuiltIn">
<arg>${Client.login}</arg>
<arg>click_signin</arg>
<doc>Calls the named method of the given object with the provided arguments.</doc>
<msg timestamp="20230425 14:43:49.993" level="INFO">clicked_signin</msg>
<status status="PASS" starttime="20230425 14:43:48.411" endtime="20230425 14:43:49.994"/>
</kw>
<status status="PASS" starttime="20230425 14:43:44.246" endtime="20230425 14:43:49.994"/>
</kw>
<kw name="I do verify_logged_user" library="Evernote">
<arg>${Client}</arg>
<arg>${signin}</arg>
<kw name="Call Method" library="BuiltIn">
<arg>${Client.home}</arg>
<arg>verify_logged_user</arg>
<arg>${email}</arg>
<doc>Calls the named method of the given object with the provided arguments.</doc>
<msg timestamp="20230425 14:44:10.057" level="INFO">opengfhwe1gggopen@gmail.com verified</msg>
<status status="PASS" starttime="20230425 14:43:49.997" endtime="20230425 14:44:10.082"/>
</kw>
<status status="PASS" starttime="20230425 14:43:49.995" endtime="20230425 14:44:10.083"/>
</kw>
<status status="PASS" starttime="20230425 14:43:44.245" endtime="20230425 14:44:10.083"/>
</test>
<test id="s1-t2" name="I do create Task and verify">
<kw name="I do create Task" library="Evernote">
<arg>${Client}</arg>
<arg>${task}</arg>
<arg>${dummy_text}</arg>
<kw name="Call Method" library="BuiltIn">
<arg>${Client.task}</arg>
<arg>click_task</arg>
<doc>Calls the named method of the given object with the provided arguments.</doc>
<msg timestamp="20230425 14:44:10.294" level="INFO">task clicked</msg>
<status status="PASS" starttime="20230425 14:44:10.088" endtime="20230425 14:44:10.295"/>
</kw>
<kw name="Call Method" library="BuiltIn">
<arg>${Client.task}</arg>
<arg>create_task</arg>
<arg>${task}</arg>
<doc>Calls the named method of the given object with the provided arguments.</doc>
<msg timestamp="20230425 14:44:12.150" level="INFO">new_task clicked</msg>
<msg timestamp="20230425 14:44:20.061" level="INFO">create_task clicked</msg>
<status status="PASS" starttime="20230425 14:44:10.295" endtime="20230425 14:44:20.061"/>
</kw>
<kw name="Call Method" library="BuiltIn">
<arg>${Client.task}</arg>
<arg>click_notes_tab</arg>
<doc>Calls the named method of the given object with the provided arguments.</doc>
<msg timestamp="20230425 14:44:25.441" level="INFO">notes_tab clicked</msg>
<msg timestamp="20230425 14:44:36.747" level="INFO">editor clicked</msg>
<status status="PASS" starttime="20230425 14:44:20.061" endtime="20230425 14:44:36.777"/>
</kw>
<kw name="Call Method" library="BuiltIn">
<arg>${Client.task}</arg>
<arg>open_insert</arg>
<doc>Calls the named method of the given object with the provided arguments.</doc>
<msg timestamp="20230425 14:44:37.748" level="INFO">insert clicked</msg>
<status status="PASS" starttime="20230425 14:44:36.777" endtime="20230425 14:44:37.748"/>
</kw>
<kw name="Call Method" library="BuiltIn">
<arg>${Client.task}</arg>
<arg>add_table</arg>
<arg>${dummy_text}</arg>
<doc>Calls the named method of the given object with the provided arguments.</doc>
<msg timestamp="20230425 14:44:38.684" level="INFO">table clicked</msg>
<msg timestamp="20230425 14:44:38.890" level="INFO"> frame qa-COMMON_EDITOR_IFRAME switched</msg>
<msg timestamp="20230425 14:44:39.285" level="INFO">table selected</msg>
<msg timestamp="20230425 14:44:39.685" level="INFO">selected</msg>
<msg timestamp="20230425 14:44:40.363" level="INFO">editor clicked</msg>
<msg timestamp="20230425 14:44:50.535" level="INFO">table selected</msg>
<msg timestamp="20230425 14:44:50.794" level="INFO">selected</msg>
<msg timestamp="20230425 14:44:51.013" level="INFO">rows added</msg>
<msg timestamp="20230425 14:44:51.058" level="INFO">6 rows found </msg>
<msg timestamp="20230425 14:44:51.079" level="INFO">16 cells found </msg>
<msg timestamp="20230425 14:44:51.079" level="INFO">6X2 table</msg>
<msg timestamp="20230425 14:44:51.138" level="INFO">//tbody/tr[1]/td[1]</msg>
<msg timestamp="20230425 14:44:51.654" level="INFO">text entered</msg>
<msg timestamp="20230425 14:44:51.730" level="INFO">//tbody/tr[1]/td[2]</msg>
<msg timestamp="20230425 14:44:52.223" level="INFO">text entered</msg>
<msg timestamp="20230425 14:44:52.274" level="INFO">//tbody/tr[2]/td[1]</msg>
<msg timestamp="20230425 14:44:52.742" level="INFO">text entered</msg>
<msg timestamp="20230425 14:44:52.793" level="INFO">//tbody/tr[2]/td[2]</msg>
<msg timestamp="20230425 14:44:53.209" level="INFO">text entered</msg>
<msg timestamp="20230425 14:44:53.260" level="INFO">//tbody/tr[3]/td[1]</msg>
<msg timestamp="20230425 14:44:53.678" level="INFO">text entered</msg>
<msg timestamp="20230425 14:44:53.723" level="INFO">//tbody/tr[3]/td[2]</msg>
<msg timestamp="20230425 14:44:54.182" level="INFO">text entered</msg>
<msg timestamp="20230425 14:44:54.234" level="INFO">//tbody/tr[4]/td[1]</msg>
<msg timestamp="20230425 14:44:54.585" level="INFO">text entered</msg>
<msg timestamp="20230425 14:44:54.628" level="INFO">//tbody/tr[4]/td[2]</msg>
<msg timestamp="20230425 14:44:54.997" level="INFO">text entered</msg>
<msg timestamp="20230425 14:44:55.044" level="INFO">//tbody/tr[5]/td[1]</msg>
<msg timestamp="20230425 14:44:55.456" level="INFO">text entered</msg>
<msg timestamp="20230425 14:44:55.521" level="INFO">//tbody/tr[5]/td[2]</msg>
<msg timestamp="20230425 14:44:55.974" level="INFO">text entered</msg>
<msg timestamp="20230425 14:44:56.017" level="INFO">//tbody/tr[6]/td[1]</msg>
<msg timestamp="20230425 14:44:56.491" level="INFO">text entered</msg>
<msg timestamp="20230425 14:44:56.554" level="INFO">//tbody/tr[6]/td[2]</msg>
<msg timestamp="20230425 14:44:56.953" level="INFO">text entered</msg>
<status status="PASS" starttime="20230425 14:44:37.749" endtime="20230425 14:45:06.954"/>
</kw>
<status status="PASS" starttime="20230425 14:44:10.087" endtime="20230425 14:45:06.955"/>
</kw>
<status status="PASS" starttime="20230425 14:44:10.085" endtime="20230425 14:45:06.957"/>
</test>
<status status="PASS" starttime="20230425 14:43:23.935" endtime="20230425 14:45:06.957"/>
</suite>
<statistics>
<total>
<stat pass="2" fail="0" skip="0">All Tests</stat>
</total>
<tag>
</tag>
<suite>
<stat pass="2" fail="0" skip="0" id="s1" name="Evernote">Evernote</stat>
</suite>
</statistics>
<errors>
<msg timestamp="20230425 14:43:36.101" level="WARN">Imported library 'H:\Alphabin\Evernote\library\Evernote.py' contains no keywords.</msg>
</errors>
</robot>
