<?xml version="1.0" encoding="UTF-8"?>
<robot generator="Robot 4.0.3 (Python 3.9.6 on win32)" generated="20230427 12:28:55.923" rpa="false" schemaversion="2">
<suite id="s1" name="Suites">
<suite id="s1-s1" name="Signup" source="H:\Alphabin\Testcases\signup.robot">
<kw name="Create Instance" type="SETUP">
<kw name="Get Library Instance" library="BuiltIn">
<var>${Client}</var>
<arg>client1</arg>
<doc>Returns the currently active instance of the specified test library.</doc>
<msg timestamp="20230427 12:29:54.857" level="INFO">${Client} = &lt;Evernote.Evernote object at 0x000002225732C280&gt;</msg>
<status status="PASS" starttime="20230427 12:29:39.568" endtime="20230427 12:29:54.857"/>
</kw>
<kw name="Set Suite Variable" library="BuiltIn">
<arg>${Client}</arg>
<doc>Makes a variable available everywhere within the scope of the current suite.</doc>
<msg timestamp="20230427 12:29:54.857" level="INFO">${Client} = &lt;Evernote.Evernote object at 0x000002225732C280&gt;</msg>
<status status="PASS" starttime="20230427 12:29:54.857" endtime="20230427 12:29:54.857"/>
</kw>
<status status="PASS" starttime="20230427 12:29:39.568" endtime="20230427 12:29:54.857"/>
</kw>
<test id="s1-s1-t1" name="I do signup, verify and signout">
<kw name="I do register account" library="Evernote">
<arg>${Client}</arg>
<arg>${signup}</arg>
<arg>${password}</arg>
<kw name="Call Method" library="BuiltIn">
<arg>${Client.signup}</arg>
<arg>click_signup_for_free</arg>
<doc>Calls the named method of the given object with the provided arguments.</doc>
<msg timestamp="20230427 12:30:04.373" level="INFO">sign_up clicked</msg>
<msg timestamp="20230427 12:30:04.477" level="INFO">page scrolled</msg>
<status status="PASS" starttime="20230427 12:29:54.857" endtime="20230427 12:30:04.477"/>
</kw>
<kw name="Call Method" library="BuiltIn">
<arg>${Client.signup}</arg>
<arg>click_free_account</arg>
<doc>Calls the named method of the given object with the provided arguments.</doc>
<msg timestamp="20230427 12:30:28.057" level="INFO">click_free_account</msg>
<status status="PASS" starttime="20230427 12:30:04.478" endtime="20230427 12:30:28.057"/>
</kw>
<kw name="Call Method" library="BuiltIn">
<arg>${Client.signup}</arg>
<arg>fill_details</arg>
<arg>${email}</arg>
<arg>${password}</arg>
<doc>Calls the named method of the given object with the provided arguments.</doc>
<msg timestamp="20230427 12:30:28.694" level="INFO">entered email: emiopl_id231@gmail.com</msg>
<msg timestamp="20230427 12:30:29.461" level="INFO">entered password: Evernote@1</msg>
<status status="PASS" starttime="20230427 12:30:28.058" endtime="20230427 12:30:29.461"/>
</kw>
<kw name="Call Method" library="BuiltIn">
<arg>${Client.signup}</arg>
<arg>click_continue</arg>
<doc>Calls the named method of the given object with the provided arguments.</doc>
<msg timestamp="20230427 12:30:29.864" level="INFO">register clicked</msg>
<status status="PASS" starttime="20230427 12:30:29.462" endtime="20230427 12:30:49.869"/>
</kw>
<kw name="Call Method" library="BuiltIn">
<arg>${Client.signup}</arg>
<arg>verify_signup</arg>
<doc>Calls the named method of the given object with the provided arguments.</doc>
<status status="PASS" starttime="20230427 12:30:49.869" endtime="20230427 12:31:12.866"/>
</kw>
<status status="PASS" starttime="20230427 12:29:54.857" endtime="20230427 12:31:12.866"/>
</kw>
<status status="PASS" starttime="20230427 12:29:54.857" endtime="20230427 12:31:12.867"/>
</test>
<status status="PASS" starttime="20230427 12:28:55.996" endtime="20230427 12:31:12.869"/>
</suite>
<status status="PASS" starttime="20230427 12:28:55.947" endtime="20230427 12:31:13.102"/>
</suite>
<statistics>
<total>
<stat pass="1" fail="0" skip="0">All Tests</stat>
</total>
<tag>
</tag>
<suite>
<stat pass="1" fail="0" skip="0" id="s1" name="Suites">Suites</stat>
<stat pass="1" fail="0" skip="0" id="s1-s1" name="Signup">Suites.Signup</stat>
</suite>
</statistics>
<errors>
<msg timestamp="20230427 12:29:39.475" level="WARN">Imported library 'H:\Alphabin\Evernote\library\Evernote.py' contains no keywords.</msg>
</errors>
</robot>
